<?xml version="1.0" encoding="UTF-8"?>
<!-- Generated by org.testng.reporters.JUnitReportReporter -->
<testsuite hostname="LAPTOP-6OACLVLF" failures="0" tests="1" name="com.AppTestCases.BasicContactForm" time="1.479" errors="0" timestamp="2021-10-22T21:48:22 IST" skipped="0">
  <testcase classname="com.AppTestCases.BasicContactForm" name="verifyContactForm" time="1.479"/>
  <system-out/>
</testsuite> <!-- com.AppTestCases.BasicContactForm -->
