<?xml version="1.0" encoding="UTF-8"?>
<!-- Generated by org.testng.reporters.JUnitReportReporter -->
<testsuite hostname="LAPTOP-6OACLVLF" failures="0" tests="2" name="com.AppTestCases.LoginTestCase" time="4.721" errors="0" timestamp="2021-10-22T21:48:22 IST" skipped="0">
  <testcase classname="com.AppTestCases.LoginTestCase" name="verifyValidloginTest" time="3.097"/>
  <system-out/>
  <testcase classname="com.AppTestCases.LoginTestCase" name="verifyInvalidLogin" time="1.624"/>
  <system-out/>
</testsuite> <!-- com.AppTestCases.LoginTestCase -->
